1658168707096	geckodriver	INFO	Listening on 127.0.0.1:60154
1658168710108	mozrunner::runner	INFO	Running command: "C:\\Program Files\\Mozilla Firefox\\firefox.exe" "--marionette" "-no-remote" "-profile" "C:\\Users\\johnny\\AppData\\Local\\Temp\\rust_mozprofile9WqVCe"
1658168713179	Marionette	INFO	Marionette enabled
1658168713197	Marionette	INFO	Listening on port 60168
Read port: 60168
1658168713805	RemoteAgent	WARN	TLS certificate errors will be ignored for this session
console.warn: SearchSettings: "get: No settings file exists, new profile?" (new NotFoundError("Could not open the file at C:\\Users\\johnny\\AppData\\Local\\Temp\\rust_mozprofile9WqVCe\\search.json.mozlz4", (void 0)))
1658168768282	Marionette	INFO	Stopped listening on port 60168
JavaScript error: chrome://remote/content/marionette/cert.js, line 55: NS_ERROR_NOT_AVAILABLE: Component returned failure code: 0x80040111 (NS_ERROR_NOT_AVAILABLE) [nsICertOverrideService.setDisableAllSecurityChecksAndLetAttackersInterceptMyData]
[Parent 6444, IPC I/O Parent] WARNING: pipe error: 232: file /builds/worker/checkouts/gecko/ipc/chromium/src/chrome/common/ipc_channel_win.cc:554
JavaScript error: resource://gre/modules/CrashManager.jsm, line 906: AbortError: IOUtils: Shutting down and refusing additional I/O tasks
at C:\\Users\\johnny\\AppData\\Local\\Temp\\rust_mozprofileaAYQFK\\search.json.mozlz4", (void 0)))
1658168769247	Marionette	INFO	Stopped listening on port 60330
[Parent 6828, IPC I/O Parent] WARNING: file /builds/worker/checkouts/gecko/ipc/chromium/src/base/process_util_win.cc:167
JavaScript error: chrome://remote/content/marionette/cert.js, line 55: NS_ERROR_NOT_AVAILABLE: Component returned failure code: 0x80040111 (NS_ERROR_NOT_AVAILABLE) [nsICertOverrideService.setDisableAllSecurityChecksAndLetAttackersInterceptMyData]
JavaScript error: resource://gre/modules/UrlClassifierListManager.jsm, line 694: TypeError: this.tablesData[table] is undefined
[Parent 6828, IPC I/O Parent] WARNING: file /builds/worker/checkouts/gecko/ipc/chromium/src/base/process_util_win.cc:167
1658168804255	geckodriver	INFO	Listening on 127.0.0.1:60484
1658168807267	mozrunner::runner	INFO	Running command: "C:\\Program Files\\Mozilla Firefox\\firefox.exe" "--marionette" "-no-remote" "-profile" "C:\\Users\\johnny\\AppData\\Local\\Temp\\rust_mozprofileS3Jqmo"
1658168809063	Marionette	INFO	Marionette enabled
1658168809088	Marionette	INFO	Listening on port 60496
Read port: 60496
1658168809553	RemoteAgent	WARN	TLS certificate errors will be ignored for this session
console.warn: SearchSettings: "get: No settings file exists, new profile?" (new NotFoundError("Could not open the file at C:\\Users\\johnny\\AppData\\Local\\Temp\\rust_mozprofileS3Jqmo\\search.json.mozlz4", (void 0)))
1658168831332	Marionette	INFO	Stopped listening on port 60496
JavaScript error: resource://gre/modules/UrlClassifierListManager.jsm, line 694: TypeError: this.tablesData[table] is undefined
1658168860056	geckodriver	INFO	Listening on 127.0.0.1:60587
1658168863084	mozrunner::runner	INFO	Running command: "C:\\Program Files\\Mozilla Firefox\\firefox.exe" "--marionette" "-no-remote" "-profile" "C:\\Users\\johnny\\AppData\\Local\\Temp\\rust_mozprofileRL5btr"
1658168864880	Marionette	INFO	Marionette enabled
1658168864894	Marionette	INFO	Listening on port 60599
Read port: 60599
1658168865416	RemoteAgent	WARN	TLS certificate errors will be ignored for this session
console.warn: SearchSettings: "get: No settings file exists, new profile?" (new NotFoundError("Could not open the file at C:\\Users\\johnny\\AppData\\Local\\Temp\\rust_mozprofileRL5btr\\search.json.mozlz4", (void 0)))
1658168917383	Marionette	INFO	Stopped listening on port 60599
JavaScript error: chrome://remote/content/marionette/cert.js, line 55: NS_ERROR_NOT_AVAILABLE: Component returned failure code: 0x80040111 (NS_ERROR_NOT_AVAILABLE) [nsICertOverrideService.setDisableAllSecurityChecksAndLetAttackersInterceptMyData]
[Parent 8028, IPC I/O Parent] WARNING: file /builds/worker/checkouts/gecko/ipc/chromium/src/base/process_util_win.cc:167
1658168920094	geckodriver	INFO	Listening on 127.0.0.1:60679
1658168923102	mozrunner::runner	INFO	Running command: "C:\\Program Files\\Mozilla Firefox\\firefox.exe" "--marionette" "-no-remote" "-profile" "C:\\Users\\johnny\\AppData\\Local\\Temp\\rust_mozprofileDn2oAb"
1658168924751	Marionette	INFO	Marionette enabled
1658168924766	Marionette	INFO	Listening on port 60691
Read port: 60691
1658168925386	RemoteAgent	WARN	TLS certificate errors will be ignored for this session
console.warn: SearchSettings: "get: No settings file exists, new profile?" (new NotFoundError("Could not open the file at C:\\Users\\johnny\\AppData\\Local\\Temp\\rust_mozprofileDn2oAb\\search.json.mozlz4", (void 0)))
console.error: (new TypeError("parent is null", "resource://devtools/client/inspector/shared/style-change-tracker.js", 67))
TypeError: parent is null: canMutationImpactCurrentStyles@resource://devtools/client/inspector/shared/style-change-tracker.js:67:24
onMutations@resource://devtools/client/inspector/shared/style-change-tracker.js:84:41
_emit@resource://devtools/shared/event-emitter.js:242:32
emit@resource://devtools/shared/event-emitter.js:186:18
emit@resource://devtools/shared/event-emitter.js:330:18
getMutations@resource://devtools/client/fronts/walker.js:312:10

console.error: "Error while calling actor 'pagestyle's method 'getLayout'" "node is null"
console.error: (new TypeError("node is null", "resource://devtools/server/actors/page-style.js", 1005))
console.error: (new Error("Protocol error (TypeError): node is null from: server0.conn0.windowGlobal6442450945/pagestyle23 (resource://devtools/server/actors/page-style.js:1005:5)", "resource://devtools/shared/protocol/Front.js", 365))
console.warn: LoginRecipes: "getRecipes: falling back to a synchronous message for:" "https://www.google.com"
JavaScript warning: https://pagead2.googlesyndication.com/bg/PBLy2ghsJAjz8SVbRXt3mPeTz3f3ksFMZv27m_PD6qM.js line 2 > eval line 562 > eval line 1 > eval line 1 > eval, line 1: WEBGL_debug_renderer_info is deprecated in Firefox and will be removed. Please use RENDERER.
JavaScript error: , line 0: TypeError: NetworkError when attempting to fetch resource.
JavaScript error: , line 0: TypeError: NetworkError when attempting to fetch resource.
JavaScript error: , line 0: TypeError: NetworkError when attempting to fetch resource.
JavaScript error: , line 0: TypeError: NetworkError when attempting to fetch resource.
JavaScript error: , line 0: TypeError: NetworkError when attempting to fetch resource.
JavaScript error: , line 0: TypeError: NetworkError when attempting to fetch resource.
JavaScript warning: https://pagead2.googlesyndication.com/bg/_j1ezhpSwBWUHEITOmC2IR4vOiGfDYio7V63aY1ETrc.js line 2 > eval line 7049 > eval line 1 > eval line 1 > eval, line 1: WEBGL_debug_renderer_info is deprecated in Firefox and will be removed. Please use RENDERER.
JavaScript error: , line 0: TypeError: NetworkError when attempting to fetch resource.
JavaScript error: , line 0: TypeError: NetworkError when attempting to fetch resource.
JavaScript warning: https://pagead2.googlesyndication.com/bg/_j1ezhpSwBWUHEITOmC2IR4vOiGfDYio7V63aY1ETrc.js line 2 > eval line 3411 > eval line 1 > eval line 1 > eval, line 1: WEBGL_debug_renderer_info is deprecated in Firefox and will be removed. Please use RENDERER.
JavaScript error: , line 0: TypeError: NetworkError when attempting to fetch resource.
JavaScript error: , line 0: TypeError: NetworkError when attempting to fetch resource.
JavaScript error: , line 0: TypeError: NetworkError when attempting to fetch resource.
JavaScript warning: https://pagead2.googlesyndication.com/bg/_j1ezhpSwBWUHEITOmC2IR4vOiGfDYio7V63aY1ETrc.js line 2 > eval line 5723 > eval line 1 > eval line 1 > eval, line 1: WEBGL_debug_renderer_info is deprecated in Firefox and will be removed. Please use RENDERER.
JavaScript error: , line 0: TypeError: NetworkError when attempting to fetch resource.
JavaScript error: , line 0: TypeError: NetworkError when attempting to fetch resource.
JavaScript error: , line 0: TypeError: NetworkError when attempting to fetch resource.
JavaScript warning: https://pagead2.googlesyndication.com/bg/_j1ezhpSwBWUHEITOmC2IR4vOiGfDYio7V63aY1ETrc.js line 2 > eval line 1437 > eval line 1 > eval line 1 > eval, line 1: WEBGL_debug_renderer_info is deprecated in Firefox and will be removed. Please use RENDERER.
JavaScript error: https://content.r9cdn.net/res/combined.js?v=a1fe28dfb53219efd5c7344dc3b6bc3748709081-keel-headings-update&cluster=4, line 792: TypeError: d.body is null
JavaScript error: , line 0: TypeError: NetworkError when attempting to fetch resource.
JavaScript error: , line 0: TypeError: NetworkError when attempting to fetch resource.
JavaScript error: , line 0: TypeError: NetworkError when attempting to fetch resource.
JavaScript error: , line 0: TypeError: NetworkError when attempting to fetch resource.
JavaScript error: , line 0: TypeError: NetworkError when attempting to fetch resource.
JavaScript warning: https://pagead2.googlesyndication.com/bg/_j1ezhpSwBWUHEITOmC2IR4vOiGfDYio7V63aY1ETrc.js line 2 > eval line 1659 > eval line 1 > eval line 1 > eval, line 1: WEBGL_debug_renderer_info is deprecated in Firefox and will be removed. Please use RENDERER.
JavaScript error: , line 0: TypeError: NetworkError when attempting to fetch resource.
JavaScript error: , line 0: TypeError: NetworkError when attempting to fetch resource.
JavaScript error: , line 0: TypeError: NetworkError when attempting to fetch resource.
JavaScript error: https://content.r9cdn.net/res/combined.js?v=8e01d438044505720054951770db14649d9f1726-keel-headings-update&cluster=4, line 790: TypeError: d.body is null
JavaScript error: , line 0: TypeError: NetworkError when attempting to fetch resource.
JavaScript error: , line 0: TypeError: NetworkError when attempting to fetch resource.
JavaScript error: , line 0: TypeError: NetworkError when attempting to fetch resource.
JavaScript error: , line 0: TypeError: NetworkError when attempting to fetch resource.
JavaScript error: , line 0: TypeError: NetworkError when attempting to fetch resource.
console.warn: ({})
JavaScript error: , line 0: TypeError: NetworkError when attempting to fetch resource.
JavaScript error: , line 0: TypeError: NetworkError when attempting to fetch resource.
JavaScript warning: https://pagead2.googlesyndication.com/bg/_j1ezhpSwBWUHEITOmC2IR4vOiGfDYio7V63aY1ETrc.js line 2 > eval line 5718 > eval line 1 > eval line 1 > eval, line 1: WEBGL_debug_renderer_info is deprecated in Firefox and will be removed. Please use RENDERER.
console.warn: ({})
console.warn: ({})
console.warn: "Error while destroying front:" "inspector" (new Error("Connection closed, pending request to server0.conn0.windowGlobal6442450996/domwalker80, type getEmbedderElement failed\n\nRequest stack:\nrequest@resource://devtools/shared/protocol/Front.js:292:14\ngenerateRequestMethods/</frontProto[name]@resource://devtools/shared/protocol/Front/FrontClassWithSpec.js:46:19\nreparentRemoteFrame@resource://devtools/client/fronts/walker.js:408:26\n", "resource://devtools/shared/protocol/Front.js", 106))
console.warn: "Error while destroying front:" "inspector" (new Error("Connection closed, pending request to server0.conn0.windowGlobal6442450996/domwalker80, type getEmbedderElement failed\n\nRequest stack:\nrequest@resource://devtools/shared/protocol/Front.js:292:14\ngenerateRequestMethods/</frontProto[name]@resource://devtools/shared/protocol/Front/FrontClassWithSpec.js:46:19\nreparentRemoteFrame@resource://devtools/client/fronts/walker.js:408:26\n", "resource://devtools/shared/protocol/Front.js", 106))
console.warn: "Error while destroying front:" "inspector" (new Error("Connection closed, pending request to server0.conn0.windowGlobal6442450996/domwalker80, type getEmbedderElement failed\n\nRequest stack:\nrequest@resource://devtools/shared/protocol/Front.js:292:14\ngenerateRequestMethods/</frontProto[name]@resource://devtools/shared/protocol/Front/FrontClassWithSpec.js:46:19\nreparentRemoteFrame@resource://devtools/client/fronts/walker.js:408:26\n", "resource://devtools/shared/protocol/Front.js", 106))
console.warn: "Error while destroying front:" "inspector" (new Error("Connection closed, pending request to server0.conn0.windowGlobal6442450996/domwalker80, type getEmbedderElement failed\n\nRequest stack:\nrequest@resource://devtools/shared/protocol/Front.js:292:14\ngenerateRequestMethods/</frontProto[name]@resource://devtools/shared/protocol/Front/FrontClassWithSpec.js:46:19\nreparentRemoteFrame@resource://devtools/client/fronts/walker.js:408:26\n", "resource://devtools/shared/protocol/Front.js", 106))
console.error: "Failed to start [root-node] legacy listener for target null" (new Error("Connection closed, pending request to server0.conn0.windowGlobal6442450996/domwalker80, type getEmbedderElement failed\n\nRequest stack:\nrequest@resource://devtools/shared/protocol/Front.js:292:14\ngenerateRequestMethods/</frontProto[name]@resource://devtools/shared/protocol/Front/FrontClassWithSpec.js:46:19\nreparentRemoteFrame@resource://devtools/client/fronts/walker.js:408:26\n", "resource://devtools/shared/protocol/Front.js", 106))
console.error: "Failed to start [root-node] legacy listener for target null" (new Error("Connection closed, pending request to server0.conn0.windowGlobal6442450996/domwalker80, type getEmbedderElement failed\n\nRequest stack:\nrequest@resource://devtools/shared/protocol/Front.js:292:14\ngenerateRequestMethods/</frontProto[name]@resource://devtools/shared/protocol/Front/FrontClassWithSpec.js:46:19\nreparentRemoteFrame@resource://devtools/client/fronts/walker.js:408:26\n", "resource://devtools/shared/protocol/Front.js", 106))
console.error: "Failed to start [root-node] legacy listener for target null" (new Error("Connection closed, pending request to server0.conn0.windowGlobal6442450996/domwalker80, type getEmbedderElement failed\n\nRequest stack:\nrequest@resource://devtools/shared/protocol/Front.js:292:14\ngenerateRequestMethods/</frontProto[name]@resource://devtools/shared/protocol/Front/FrontClassWithSpec.js:46:19\nreparentRemoteFrame@resource://devtools/client/fronts/walker.js:408:26\n", "resource://devtools/shared/protocol/Front.js", 106))
console.error: "Failed to start [root-node] legacy listener for target null" (new Error("Connection closed, pending request to server0.conn0.windowGlobal6442450996/domwalker80, type getEmbedderElement failed\n\nRequest stack:\nrequest@resource://devtools/shared/protocol/Front.js:292:14\ngenerateRequestMethods/</frontProto[name]@resource://devtools/shared/protocol/Front/FrontClassWithSpec.js:46:19\nreparentRemoteFrame@resource://devtools/client/fronts/walker.js:408:26\n", "resource://devtools/shared/protocol/Front.js", 106))
JavaScript error: , line 0: NotFoundError: No such JSWindowActor 'DevToolsFrame'
JavaScript error: , line 0: NotFoundError: No such JSWindowActor 'DevToolsFrame'
JavaScript error: , line 0: NotFoundError: No such JSWindowActor 'DevToolsFrame'
JavaScript error: , line 0: NotFoundError: No such JSWindowActor 'DevToolsFrame'
JavaScript error: , line 0: NotFoundError: No such JSWindowActor 'DevToolsFrame'
JavaScript error: , line 0: NotFoundError: No such JSWindowActor 'DevToolsFrame'
JavaScript error: , line 0: NotFoundError: No such JSWindowActor 'DevToolsFrame'
JavaScript error: , line 0: NotFoundError: No such JSWindowActor 'DevToolsFrame'
JavaScript error: , line 0: NotFoundError: No such JSWindowActor 'DevToolsFrame'
JavaScript error: , line 0: NotFoundError: No such JSWindowActor 'DevToolsFrame'
JavaScript error: , line 0: NotFoundError: No such JSWindowActor 'DevToolsFrame'
JavaScript error: , line 0: NotFoundError: No such JSWindowActor 'DevToolsFrame'
JavaScript error: , line 0: NotFoundError: No such JSWindowActor 'DevToolsFrame'
JavaScript error: resource://devtools/shared/protocol/Front.js, line 106: Error: Connection closed, pending request to server0.conn0.windowGlobal6442450996/domwalker80, type getEmbedderElement failed

Request stack:
request@resource://devtools/shared/protocol/Front.js:292:14
generateRequestMethods/</frontProto[name]@resource://devtools/shared/protocol/Front/FrontClassWithSpec.js:46:19
reparentRemoteFrame@resource://devtools/client/fronts/walker.js:408:26

JavaScript error: resource://devtools/shared/protocol/Front.js, line 106: Error: Connection closed, pending request to server0.conn0.windowGlobal6442450996/domwalker80, type getEmbedderElement failed

Request stack:
request@resource://devtools/shared/protocol/Front.js:292:14
generateRequestMethods/</frontProto[name]@resource://devtools/shared/protocol/Front/FrontClassWithSpec.js:46:19
reparentRemoteFrame@resource://devtools/client/fronts/walker.js:408:26

JavaScript error: resource://devtools/shared/protocol/Front.js, line 106: Error: Connection closed, pending request to server0.conn0.windowGlobal6442450996/domwalker80, type getEmbedderElement failed

Request stack:
request@resource://devtools/shared/protocol/Front.js:292:14
generateRequestMethods/</frontProto[name]@resource://devtools/shared/protocol/Front/FrontClassWithSpec.js:46:19
reparentRemoteFrame@resource://devtools/client/fronts/walker.js:408:26

JavaScript error: resource://devtools/shared/protocol/Front.js, line 106: Error: Connection closed, pending request to server0.conn0.windowGlobal6442450996/domwalker80, type getEmbedderElement failed

Request stack:
request@resource://devtools/shared/protocol/Front.js:292:14
generateRequestMethods/</frontProto[name]@resource://devtools/shared/protocol/Front/FrontClassWithSpec.js:46:19
reparentRemoteFrame@resource://devtools/client/fronts/walker.js:408:26

console.error: "Tried to send a 'getApplied' method reply on an already destroyed actor 'pagestyle'"
console.error: "Tried to send a 'getApplied' method reply on an already destroyed actor 'pagestyle'"
console.error: "Tried to send a 'getApplied' method reply on an already destroyed actor 'pagestyle'"
console.error: "Tried to send a 'getLayout' method reply on an already destroyed actor 'pagestyle'"
console.error: "Tried to send a 'getLayout' method reply on an already destroyed actor 'pagestyle'"
console.error: "Tried to send a 'getApplied' method reply on an already destroyed actor 'pagestyle'"
console.error: "Tried to send a 'getLayout' method reply on an already destroyed actor 'pagestyle'"
console.error: "Tried to send a 'getLayout' method reply on an already destroyed actor 'pagestyle'"
JavaScript error: , line 0: TypeError: NetworkError when attempting to fetch resource.
JavaScript error: , line 0: TypeError: NetworkError when attempting to fetch resource.
JavaScript error: , line 0: TypeError: NetworkError when attempting to fetch resource.
JavaScript warning: https://www.reclameaqui.com.br/VrX1-VHL/e0u44Ym/CPNgAYS/FP/4V1XtJSJ/ATs5MA/ODRxOD/4YVhE, line 1: WEBGL_debug_renderer_info is deprecated in Firefox and will be removed. Please use RENDERER.
JavaScript warning: https://www.reclameaqui.com.br/VrX1-VHL/e0u44Ym/CPNgAYS/FP/4V1XtJSJ/ATs5MA/ODRxOD/4YVhE, line 1: WEBGL_debug_renderer_info is deprecated in Firefox and will be removed. Please use RENDERER.
JavaScript warning: https://auth.reclameaqui.com.br/aJlxAp/I6Uwt/khHLD/p7xk/bm9i8rX8Yk/UmU5Mw5VKwU/fRVddlIt/KAcB, line 1: WEBGL_debug_renderer_info is deprecated in Firefox and will be removed. Please use RENDERER.
JavaScript error: https://www.reclameaqui.com.br/empresa/123-milhas/ line 43 > injectedScript, line 1: TypeError: document.querySelector(...) is null
JavaScript warning: https://pagead2.googlesyndication.com/bg/_j1ezhpSwBWUHEITOmC2IR4vOiGfDYio7V63aY1ETrc.js line 2 > eval line 6833 > eval line 1 > eval line 1 > eval, line 1: WEBGL_debug_renderer_info is deprecated in Firefox and will be removed. Please use RENDERER.
JavaScript error: , line 0: TypeError: NetworkError when attempting to fetch resource.
JavaScript error: , line 0: TypeError: NetworkError when attempting to fetch resource.
JavaScript error: , line 0: TypeError: NetworkError when attempting to fetch resource.
console.warn: LoginRecipes: "getRecipes: falling back to a synchronous message for:" "https://www.google.com"
JavaScript error: , line 0: TypeError: NetworkError when attempting to fetch resource.
JavaScript error: resource://gre/modules/XULStore.jsm, line 66: Error: Can't find profile directory.
JavaScript error: resource://gre/modules/XULStore.jsm, line 66: Error: Can't find profile directory.
JavaScript error: resource://gre/modules/XULStore.jsm, line 66: Error: Can't find profile directory.
JavaScript error: resource://gre/modules/XULStore.jsm, line 66: Error: Can't find profile directory.
JavaScript error: resource://gre/modules/XULStore.jsm, line 66: Error: Can't find profile directory.
JavaScript error: resource://gre/modules/XULStore.jsm, line 66: Error: Can't find profile directory.
SourceActor threw an exception: [Exception... "Failed to open input source 'file:///'"  nsresult: "0x80004005 (NS_ERROR_FAILURE)"  location: "JS frame :: resource://devtools/shared/DevToolsUtils.js :: mainThreadFetch/< :: line 699"  data: yes]
Stack: mainThreadFetch/<@resource://devtools/shared/DevToolsUtils.js:699:15
mainThreadFetch@resource://devtools/shared/DevToolsUtils.js:545:10
_fetchURLContents@resource://devtools/server/actors/utils/sources-manager.js:446:22
urlContents@resource://devtools/server/actors/utils/sources-manager.js:410:17
_resurrectSource@resource://devtools/server/actors/thread.js:2121:35
addAllSources@resource://devtools/server/actors/thread.js:1482:14
watch@resource://devtools/server/actors/resources/sources.js:62:17
watchResources@resource://devtools/server/actors/resources/index.js:288:19
_watchTargetResources@resource://devtools/server/actors/targets/target-actor-mixin.js:161:24
addSessionDataEntry@resource://devtools/server/actors/targets/target-actor-mixin.js:53:20
_addSessionDataEntry@resource://devtools/server/connectors/js-window-actor/DevToolsFrameChild.jsm:556:24
receiveMessage@resource://devtools/server/connectors/js-window-actor/DevToolsFrameChild.jsm:465:21
Line: 699, column: 0
console.error: ({})
JavaScript error: resource://devtools/shared/DevToolsUtils.js, line 699: NS_ERROR_FAILURE: Failed to open input source 'file:///'
JavaScript error: resource://gre/modules/AsyncShutdown.jsm, line 575: NotFoundError: No such JSWindowActor 'DevToolsFrame'
JavaScript error: resource://gre/modules/AsyncShutdown.jsm, line 575: NotFoundError: No such JSWindowActor 'DevToolsFrame'
JavaScript error: resource://gre/modules/AsyncShutdown.jsm, line 575: NotFoundError: No such JSWindowActor 'DevToolsFrame'
JavaScript error: resource://gre/modules/AsyncShutdown.jsm, line 575: NotFoundError: No such JSWindowActor 'DevToolsFrame'
JavaScript error: resource://gre/modules/AsyncShutdown.jsm, line 575: NotFoundError: No such JSWindowActor 'DevToolsFrame'
1658170774875	Marionette	INFO	Stopped listening on port 60691
JavaScript error: chrome://remote/content/marionette/cert.js, line 55: NS_ERROR_NOT_AVAILABLE: Component returned failure code: 0x80040111 (NS_ERROR_NOT_AVAILABLE) [nsICertOverrideService.setDisableAllSecurityChecksAndLetAttackersInterceptMyData]
[GFX1]: Attempting to post to an invalid Compositor Thread
[GFX1]: Attempting to post to an invalid Compositor Thread
[GFX1]: Attempting to post to an invalid Compositor Thread
[GFX1]: Attempting to post to an invalid Compositor Thread
[GFX1]: Attempting to post to an invalid Compositor Thread
1658170788636	geckodriver	INFO	Listening on 127.0.0.1:53364
1658170791686	mozrunner::runner	INFO	Running command: "C:\\Program Files\\Mozilla Firefox\\firefox.exe" "--marionette" "-no-remote" "-profile" "C:\\Users\\johnny\\AppData\\Local\\Temp\\rust_mozprofileo9wK3k"
1658170793294	Marionette	INFO	Marionette enabled
1658170793307	Marionette	INFO	Listening on port 53376
Read port: 53376
1658170793768	RemoteAgent	WARN	TLS certificate errors will be ignored for this session
console.warn: SearchSettings: "get: No settings file exists, new profile?" (new NotFoundError("Could not open the file at C:\\Users\\johnny\\AppData\\Local\\Temp\\rust_mozprofileo9wK3k\\search.json.mozlz4", (void 0)))
1658170844445	Marionette	INFO	Stopped listening on port 53376
JavaScript error: chrome://remote/content/marionette/cert.js, line 55: NS_ERROR_NOT_AVAILABLE: Component returned failure code: 0x80040111 (NS_ERROR_NOT_AVAILABLE) [nsICertOverrideService.setDisableAllSecurityChecksAndLetAttackersInterceptMyData]
1658170845804	geckodriver	INFO	Listening on 127.0.0.1:53451
1658170848842	mozrunner::runner	INFO	Running command: "C:\\Program Files\\Mozilla Firefox\\firefox.exe" "--marionette" "-no-remote" "-profile" "C:\\Users\\johnny\\AppData\\Local\\Temp\\rust_mozprofilegYOsOt"
1658170849707	Marionette	INFO	Marionette enabled
1658170849723	Marionette	INFO	Listening on port 53463
Read port: 53463
1658170850133	RemoteAgent	WARN	TLS certificate errors will be ignored for this session
console.warn: SearchSettings: "get: No settings file exists, new profile?" (new NotFoundError("Could not open the file at C:\\Users\\johnny\\AppData\\Local\\Temp\\rust_mozprofilegYOsOt\\search.json.mozlz4", (void 0)))
1658170891181	Marionette	INFO	Stopped listening on port 53463
JavaScript error: chrome://remote/content/marionette/cert.js, line 55: NS_ERROR_NOT_AVAILABLE: Component returned failure code: 0x80040111 (NS_ERROR_NOT_AVAILABLE) [nsICertOverrideService.setDisableAllSecurityChecksAndLetAttackersInterceptMyData]
[Parent 6696, IPC I/O Parent] WARNING: file /builds/worker/checkouts/gecko/ipc/chromium/src/base/process_util_win.cc:167
1658170892938	geckodriver	INFO	Listening on 127.0.0.1:53534
1658170895997	mozrunner::runner	INFO	Running command: "C:\\Program Files\\Mozilla Firefox\\firefox.exe" "--marionette" "-no-remote" "-profile" "C:\\Users\\johnny\\AppData\\Local\\Temp\\rust_mozprofileZ2ceDP"
1658170897132	Marionette	INFO	Marionette enabled
1658170897145	Marionette	INFO	Listening on port 53546
Read port: 53546
1658170897608	RemoteAgent	WARN	TLS certificate errors will be ignored for this session
console.warn: SearchSettings: "get: No settings file exists, new profile?" (new NotFoundError("Could not open the file at C:\\Users\\johnny\\AppData\\Local\\Temp\\rust_mozprofileZ2ceDP\\search.json.mozlz4", (void 0)))
1658170972029	Marionette	INFO	Stopped listening on port 53546
JavaScript error: chrome://remote/content/marionette/cert.js, line 55: NS_ERROR_NOT_AVAILABLE: Component returned failure code: 0x80040111 (NS_ERROR_NOT_AVAILABLE) [nsICertOverrideService.setDisableAllSecurityChecksAndLetAttackersInterceptMyData]
1658170974105	geckodriver	INFO	Listening on 127.0.0.1:53620
1658170977160	mozrunner::runner	INFO	Running command: "C:\\Program Files\\Mozilla Firefox\\firefox.exe" "--marionette" "-no-remote" "-profile" "C:\\Users\\johnny\\AppData\\Local\\Temp\\rust_mozprofilel2Vwqo"
1658170978124	Marionette	INFO	Marionette enabled
1658170978138	Marionette	INFO	Listening on port 53632
Read port: 53632
1658170978626	RemoteAgent	WARN	TLS certificate errors will be ignored for this session
console.warn: SearchSettings: "get: No settings file exists, new profile?" (new NotFoundError("Could not open the file at C:\\Users\\johnny\\AppData\\Local\\Temp\\rust_mozprofilel2Vwqo\\search.json.mozlz4", (void 0)))
1658171064605	Marionette	INFO	Stopped listening on port 53632
JavaScript error: chrome://remote/content/marionette/cert.js, line 55: NS_ERROR_NOT_AVAILABLE: Component returned failure code: 0x80040111 (NS_ERROR_NOT_AVAILABLE) [nsICertOverrideService.setDisableAllSecurityChecksAndLetAttackersInterceptMyData]
1658171066530	geckodriver	INFO	Listening on 127.0.0.1:53700
1658171069565	mozrunner::runner	INFO	Running command: "C:\\Program Files\\Mozilla Firefox\\firefox.exe" "--marionette" "-no-remote" "-profile" "C:\\Users\\johnny\\AppData\\Local\\Temp\\rust_mozprofileYC4Chx"
1658171070572	Marionette	INFO	Marionette enabled
1658171070588	Marionette	INFO	Listening on port 53713
Read port: 53713
1658171071027	RemoteAgent	WARN	TLS certificate errors will be ignored for this session
console.warn: SearchSettings: "get: No settings file exists, new profile?" (new NotFoundError("Could not open the file at C:\\Users\\johnny\\AppData\\Local\\Temp\\rust_mozprofileYC4Chx\\search.json.mozlz4", (void 0)))
1658171399605	Marionette	INFO	Stopped listening on port 53713
JavaScript error: chrome://remote/content/marionette/cert.js, line 55: NS_ERROR_NOT_AVAILABLE: Component returned failure code: 0x80040111 (NS_ERROR_NOT_AVAILABLE) [nsICertOverrideService.setDisableAllSecurityChecksAndLetAttackersInterceptMyData]
1658171404069	geckodriver	INFO	Listening on 127.0.0.1:53793
1658171407096	mozrunner::runner	INFO	Running command: "C:\\Program Files\\Mozilla Firefox\\firefox.exe" "--marionette" "-no-remote" "-profile" "C:\\Users\\johnny\\AppData\\Local\\Temp\\rust_mozprofilezazZI3"
1658171407971	Marionette	INFO	Marionette enabled
1658171407984	Marionette	INFO	Listening on port 53806
Read port: 53806
1658171408502	RemoteAgent	WARN	TLS certificate errors will be ignored for this session
console.warn: SearchSettings: "get: No settings file exists, new profile?" (new NotFoundError("Could not open the file at C:\\Users\\johnny\\AppData\\Local\\Temp\\rust_mozprofilezazZI3\\search.json.mozlz4", (void 0)))
JavaScript error: resource://gre/modules/AsyncShutdown.jsm, line 575: NotFoundError: No such JSWindowActor 'DevToolsFrame'
JavaScript error: resource://gre/modules/AsyncShutdown.jsm, line 575: NotFoundError: No such JSWindowActor 'DevToolsFrame'
JavaScript error: resource://gre/modules/AsyncShutdown.jsm, line 575: NotFoundError: No such JSWindowActor 'DevToolsFrame'
JavaScript error: resource://gre/modules/AsyncShutdown.jsm, line 575: NotFoundError: No such JSWindowActor 'DevToolsFrame'
JavaScript error: resource://gre/modules/AsyncShutdown.jsm, line 575: NotFoundError: No such JSWindowActor 'DevToolsFrame'
JavaScript error: resource://gre/modules/AsyncShutdown.jsm, line 575: NotFoundError: No such JSWindowActor 'DevToolsFrame'
1658171627737	Marionette	INFO	Stopped listening on port 53806
JavaScript error: chrome://remote/content/marionette/cert.js, line 55: NS_ERROR_NOT_AVAILABLE: Component returned failure code: 0x80040111 (NS_ERROR_NOT_AVAILABLE) [nsICertOverrideService.setDisableAllSecurityChecksAndLetAttackersInterceptMyData]
[Parent 4484, IPC I/O Parent] WARNING: pipe error: 232: file /builds/worker/checkouts/gecko/ipc/chromium/src/chrome/common/ipc_channel_win.cc:554
1658171629569	geckodriver	INFO	Listening on 127.0.0.1:53894
1658171632618	mozrunner::runner	INFO	Running command: "C:\\Program Files\\Mozilla Firefox\\firefox.exe" "--marionette" "-no-remote" "-profile" "C:\\Users\\johnny\\AppData\\Local\\Temp\\rust_mozprofileUkak1H"
1658171633737	Marionette	INFO	Marionette enabled
1658171633750	Marionette	INFO	Listening on port 53906
Read port: 53906
1658171634170	RemoteAgent	WARN	TLS certificate errors will be ignored for this session
console.warn: SearchSettings: "get: No settings file exists, new profile?" (new NotFoundError("Could not open the file at C:\\Users\\johnny\\AppData\\Local\\Temp\\rust_mozprofileUkak1H\\search.json.mozlz4", (void 0)))
1658171730354	Marionette	INFO	Stopped listening on port 53906
JavaScript error: chrome://remote/content/marionette/cert.js, line 55: NS_ERROR_NOT_AVAILABLE: Component returned failure code: 0x80040111 (NS_ERROR_NOT_AVAILABLE) [nsICertOverrideService.setDisableAllSecurityChecksAndLetAttackersInterceptMyData]
[Parent 7332, IPC I/O Parent] WARNING: file /builds/worker/checkouts/gecko/ipc/chromium/src/base/process_util_win.cc:167
WARNING: At least one completion condition is taking too long to complete. Conditions: [{"name":"ContentParent: id=21fc7600","state":{"remoteTypePrefix":"prealloc"},"filename":"/builds/worker/checkouts/gecko/dom/ipc/ContentParent.cpp","lineNumber":3640,"stack":["resource://gre/modules/nsAsyncShutdown.jsm:addBlocker:162"]}] Barrier: profile-before-change
onsole.warn: SearchSettings: "get: No settings file exists, new profile?" (new NotFoundError("Could not open the file at C:\\Users\\johnny\\AppData\\Local\\Temp\\rust_mozprofileIBOOq1\\search.json.mozlz4", (void 0)))
1658171981997	Marionette	INFO	Stopped listening on port 54050
[Parent 6384, IPC I/O Parent] WARNING: file /builds/worker/checkouts/gecko/ipc/chromium/src/base/process_util_win.cc:167
JavaScript error: chrome://remote/content/marionette/cert.js, line 55: NS_ERROR_NOT_AVAILABLE: Component returned failure code: 0x80040111 (NS_ERROR_NOT_AVAILABLE) [nsICertOverrideService.setDisableAllSecurityChecksAndLetAttackersInterceptMyData]
[Parent 6384, IPC I/O Parent] WARNING: file /builds/worker/checkouts/gecko/ipc/chromium/src/base/process_util_win.cc:167
[Parent 6384, IPC I/O Parent] WARNING: file /builds/worker/checkouts/gecko/ipc/chromium/src/base/process_util_win.cc:167
1658172024339	geckodriver	INFO	Listening on 127.0.0.1:54153
1658172027390	mozrunner::runner	INFO	Running command: "C:\\Program Files\\Mozilla Firefox\\firefox.exe" "--marionette" "-no-remote" "-profile" "C:\\Users\\johnny\\AppData\\Local\\Temp\\rust_mozprofile6pSnua"
1658172028287	Marionette	INFO	Marionette enabled
1658172028300	Marionette	INFO	Listening on port 54165
Read port: 54165
1658172028714	RemoteAgent	WARN	TLS certificate errors will be ignored for this session
console.warn: SearchSettings: "get: No settings file exists, new profile?" (new NotFoundError("Could not open the file at C:\\Users\\johnny\\AppData\\Local\\Temp\\rust_mozprofile6pSnua\\search.json.mozlz4", (void 0)))
1658172090835	Marionette	INFO	Stopped listening on port 54165
[Parent 4540, IPC I/O Parent] WARNING: file /builds/worker/checkouts/gecko/ipc/chromium/src/base/process_util_win.cc:167
JavaScript error: chrome://remote/content/marionette/cert.js, line 55: NS_ERROR_NOT_AVAILABLE: Component returned failure code: 0x80040111 (NS_ERROR_NOT_AVAILABLE) [nsICertOverrideService.setDisableAllSecurityChecksAndLetAttackersInterceptMyData]
[Parent 4540, IPC I/O Parent] WARNING: file /builds/worker/checkouts/gecko/ipc/chromium/src/base/process_util_win.cc:167
[Parent 4540, IPC I/O Parent] WARNING: file /builds/worker/checkouts/gecko/ipc/chromium/src/base/process_util_win.cc:167
1658172092410	geckodriver	INFO	Listening on 127.0.0.1:54233
1658172095455	mozrunner::runner	INFO	Running command: "C:\\Program Files\\Mozilla Firefox\\firefox.exe" "--marionette" "-no-remote" "-profile" "C:\\Users\\johnny\\AppData\\Local\\Temp\\rust_mozprofileI2WwCK"
1658172096510	Marionette	INFO	Marionette enabled
1658172096525	Marionette	INFO	Listening on port 54245
Read port: 54245
1658172096986	RemoteAgent	WARN	TLS certificate errors will be ignored for this session
console.warn: SearchSettings: "get: No settings file exists, new profile?" (new NotFoundError("Could not open the file at C:\\Users\\johnny\\AppData\\Local\\Temp\\rust_mozprofileI2WwCK\\search.json.mozlz4", (void 0)))
JavaScript error: , line 0: NotFoundError: No such JSWindowActor 'DevToolsFrame'
JavaScript error: , line 0: NotFoundError: No such JSWindowActor 'DevToolsFrame'
JavaScript error: , line 0: NotFoundError: No such JSWindowActor 'DevToolsFrame'
JavaScript error: , line 0: NotFoundError: No such JSWindowActor 'DevToolsFrame'
JavaScript error: , line 0: NotFoundError: No such JSWindowActor 'DevToolsFrame'
1658172412333	Marionette	INFO	Stopped listening on port 54245
JavaScript error: chrome://remote/content/marionette/cert.js, line 55: NS_ERROR_NOT_AVAILABLE: Component returned failure code: 0x80040111 (NS_ERROR_NOT_AVAILABLE) [nsICertOverrideService.setDisableAllSecurityChecksAndLetAttackersInterceptMyData]
[Parent 7964, IPC I/O Parent] WARNING: pipe error: 232: file /builds/worker/checkouts/gecko/ipc/chromium/src/chrome/common/ipc_channel_win.cc:554
1658172429500	geckodriver	INFO	Listening on 127.0.0.1:57527
1658172432515	mozrunner::runner	INFO	Running command: "C:\\Program Files\\Mozilla Firefox\\firefox.exe" "--marionette" "-no-remote" "-profile" "C:\\Users\\johnny\\AppData\\Local\\Temp\\rust_mozprofileaR56pP"
1658172433877	Marionette	INFO	Marionette enabled
1658172433891	Marionette	INFO	Listening on port 57539
Read port: 57539
1658172434313	RemoteAgent	WARN	TLS certificate errors will be ignored for this session
console.warn: SearchSettings: "get: No settings file exists, new profile?" (new NotFoundError("Could not open the file at C:\\Users\\johnny\\AppData\\Local\\Temp\\rust_mozprofileaR56pP\\search.json.mozlz4", (void 0)))
1658172523717	Marionette	INFO	Stopped listening on port 57539
JavaScript error: chrome://remote/content/marionette/cert.js, line 55: NS_ERROR_NOT_AVAILABLE: Component returned failure code: 0x80040111 (NS_ERROR_NOT_AVAILABLE) [nsICertOverrideService.setDisableAllSecurityChecksAndLetAttackersInterceptMyData]
[Parent 5900, IPC I/O Parent] WARNING: file /builds/worker/checkouts/gecko/ipc/chromium/src/base/process_util_win.cc:167
[Parent 5900, IPC I/O Parent] WARNING: file /builds/worker/checkouts/gecko/ipc/chromium/src/base/process_util_win.cc:167
[Parent 5900, IPC I/O Parent] WARNING: file /builds/worker/checkouts/gecko/ipc/chromium/src/base/process_util_win.cc:167
[Parent 5900, IPC I/O Parent] WARNING: pipe error: 232: file /builds/worker/checkouts/gecko/ipc/chromium/src/chrome/common/ipc_channel_win.cc:554
1658172525143	geckodriver	INFO	Listening on 127.0.0.1:57609
1658172528104	mozrunner::runner	INFO	Running command: "C:\\Program Files\\Mozilla Firefox\\firefox.exe" "--marionette" "-no-remote" "-profile" "C:\\Users\\johnny\\AppData\\Local\\Temp\\rust_mozprofileWiTZMi"
1658172529353	Marionette	INFO	Marionette enabled
1658172529369	Marionette	INFO	Listening on port 57621
Read port: 57621
1658172529770	RemoteAgent	WARN	TLS certificate errors will be ignored for this session
console.warn: SearchSettings: "get: No settings file exists, new profile?" (new NotFoundError("Could not open the file at C:\\Users\\johnny\\AppData\\Local\\Temp\\rust_mozprofileWiTZMi\\search.json.mozlz4", (void 0)))
1658172652773	Marionette	INFO	Stopped listening on port 57621
[Parent 7272, IPC I/O Parent] WARNING: file /builds/worker/checkouts/gecko/ipc/chromium/src/base/process_util_win.cc:167
JavaScript error: chrome://remote/content/marionette/cert.js, line 55: NS_ERROR_NOT_AVAILABLE: Component returned failure code: 0x80040111 (NS_ERROR_NOT_AVAILABLE) [nsICertOverrideService.setDisableAllSecurityChecksAndLetAttackersInterceptMyData]
[Parent 7272, IPC I/O Parent] WARNING: file /builds/worker/checkouts/gecko/ipc/chromium/src/base/process_util_win.cc:167
[Parent 7272, IPC I/O Parent] WARNING: file /builds/worker/checkouts/gecko/ipc/chromium/src/base/process_util_win.cc:167
[Parent 7272, IPC I/O Parent] WARNING: file /builds/worker/checkouts/gecko/ipc/chromium/src/base/process_util_win.cc:167
1658172658657	geckodriver	INFO	Listening on 127.0.0.1:57758
1658172661667	mozrunner::runner	INFO	Running command: "C:\\Program Files\\Mozilla Firefox\\firefox.exe" "--marionette" "-no-remote" "-profile" "C:\\Users\\johnny\\AppData\\Local\\Temp\\rust_mozprofileouLmsL"
1658172662858	Marionette	INFO	Marionette enabled
1658172662876	Marionette	INFO	Listening on port 57770
Read port: 57770
1658172663573	RemoteAgent	WARN	TLS certificate errors will be ignored for this session
console.warn: SearchSettings: "get: No settings file exists, new profile?" (new NotFoundError("Could not open the file at C:\\Users\\johnny\\AppData\\Local\\Temp\\rust_mozprofileouLmsL\\search.json.mozlz4", (void 0)))
1658172751309	Marionette	INFO	Stopped listening on port 57770
JavaScript error: chrome://remote/content/marionette/cert.js, line 55: NS_ERROR_NOT_AVAILABLE: Component returned failure code: 0x80040111 (NS_ERROR_NOT_AVAILABLE) [nsICertOverrideService.setDisableAllSecurityChecksAndLetAttackersInterceptMyData]
[Parent 8084, IPC I/O Parent] WARNING: file /builds/worker/checkouts/gecko/ipc/chromium/src/base/process_util_win.cc:167
[Parent 8084, IPC I/O Parent] WARNING: file /builds/worker/checkouts/gecko/ipc/chromium/src/base/process_util_win.cc:167
1658172764200	geckodriver	INFO	Listening on 127.0.0.1:57898
1658172767230	mozrunner::runner	INFO	Running command: "C:\\Program Files\\Mozilla Firefox\\firefox.exe" "--marionette" "-no-remote" "-profile" "C:\\Users\\johnny\\AppData\\Local\\Temp\\rust_mozprofileMvmNeU"
1658172768528	Marionette	INFO	Marionette enabled
1658172768540	Marionette	INFO	Listening on port 57910
Read port: 57910
1658172768960	RemoteAgent	WARN	TLS certificate errors will be ignored for this session
console.warn: SearchSettings: "get: No settings file exists, new profile?" (new NotFoundError("Could not open the file at C:\\Users\\johnny\\AppData\\Local\\Temp\\rust_mozprofileMvmNeU\\search.json.mozlz4", (void 0)))
1658173176128	Marionette	INFO	Stopped listening on port 57910
[Parent 7800, IPC I/O Parent] WARNING: file /builds/worker/checkouts/gecko/ipc/chromium/src/base/process_util_win.cc:167
JavaScript error: chrome://remote/content/marionette/cert.js, line 55: NS_ERROR_NOT_AVAILABLE: Component returned failure code: 0x80040111 (NS_ERROR_NOT_AVAILABLE) [nsICertOverrideService.setDisableAllSecurityChecksAndLetAttackersInterceptMyData]
1658173180635	geckodriver	INFO	Listening on 127.0.0.1:57998
1658173183645	mozrunner::runner	INFO	Running command: "C:\\Program Files\\Mozilla Firefox\\firefox.exe" "--marionette" "-no-remote" "-profile" "C:\\Users\\johnny\\AppData\\Local\\Temp\\rust_mozprofilemVQao4"
1658173185019	Marionette	INFO	Marionette enabled
1658173185036	Marionette	INFO	Listening on port 58010
Read port: 58010
1658173185470	RemoteAgent	WARN	TLS certificate errors will be ignored for this session
console.warn: SearchSettings: "get: No settings file exists, new profile?" (new NotFoundError("Could not open the file at C:\\Users\\johnny\\AppData\\Local\\Temp\\rust_mozprofilemVQao4\\search.json.mozlz4", (void 0)))
1658173201253	Marionette	INFO	Stopped listening on port 58010
JavaScript error: chrome://remote/content/marionette/cert.js, line 55: NS_ERROR_NOT_AVAILABLE: Component returned failure code: 0x80040111 (NS_ERROR_NOT_AVAILABLE) [nsICertOverrideService.setDisableAllSecurityChecksAndLetAttackersInterceptMyData]
1658173204859	geckodriver	INFO	Listening on 127.0.0.1:58164
1658173207859	mozrunner::runner	INFO	Running command: "C:\\Program Files\\Mozilla Firefox\\firefox.exe" "--marionette" "-no-remote" "-profile" "C:\\Users\\johnny\\AppData\\Local\\Temp\\rust_mozprofileeuPqob"
1658173209282	Marionette	INFO	Marionette enabled
1658173209298	Marionette	INFO	Listening on port 58176
Read port: 58176
1658173209766	RemoteAgent	WARN	TLS certificate errors will be ignored for this session
console.warn: SearchSettings: "get: No settings file exists, new profile?" (new NotFoundError("Could not open the file at C:\\Users\\johnny\\AppData\\Local\\Temp\\rust_mozprofileeuPqob\\search.json.mozlz4", (void 0)))
1658173364862	Marionette	INFO	Stopped listening on port 58176
JavaScript error: chrome://remote/content/marionette/cert.js, line 55: NS_ERROR_NOT_AVAILABLE: Component returned failure code: 0x80040111 (NS_ERROR_NOT_AVAILABLE) [nsICertOverrideService.setDisableAllSecurityChecksAndLetAttackersInterceptMyData]
1658173366775	geckodriver	INFO	Listening on 127.0.0.1:58255
1658173369748	mozrunner::runner	INFO	Running command: "C:\\Program Files\\Mozilla Firefox\\firefox.exe" "--marionette" "-no-remote" "-profile" "C:\\Users\\johnny\\AppData\\Local\\Temp\\rust_mozprofilesU6AtO"
1658173371098	Marionette	INFO	Marionette enabled
1658173371112	Marionette	INFO	Listening on port 58267
Read port: 58267
1658173371537	RemoteAgent	WARN	TLS certificate errors will be ignored for this session
console.warn: SearchSettings: "get: No settings file exists, new profile?" (new NotFoundError("Could not open the file at C:\\Users\\johnny\\AppData\\Local\\Temp\\rust_mozprofilesU6AtO\\search.json.mozlz4", (void 0)))
1658173505435	Marionette	INFO	Stopped listening on port 58267
[Parent 5992, IPC I/O Parent] WARNING: file /builds/worker/checkouts/gecko/ipc/chromium/src/base/process_util_win.cc:167
JavaScript error: chrome://remote/content/marionette/cert.js, line 55: NS_ERROR_NOT_AVAILABLE: Component returned failure code: 0x80040111 (NS_ERROR_NOT_AVAILABLE) [nsICertOverrideService.setDisableAllSecurityChecksAndLetAttackersInterceptMyData]
[Parent 5992, IPC I/O Parent] WARNING: file /builds/worker/checkouts/gecko/ipc/chromium/src/base/process_util_win.cc:167
[Parent 5992, IPC I/O Parent] WARNING: file /builds/worker/checkouts/gecko/ipc/chromium/src/base/process_util_win.cc:167
[Parent 5992, IPC I/1658173535374	Marionette	INFO	Stopped listening on port 58349
JavaScript error: chrome://remote/content/marionette/cert.js, line 55: NS_ERROR_NOT_AVAILABLE: Component returned failure code: 0x80040111 (NS_ERROR_NOT_AVAILABLE) [nsICertOverrideService.setDisableAllSecurityChecksAndLetAttackersInterceptMyData]
[Parent 4852, IPC I/O Parent] WARNING: file /builds/worker/checkouts/gecko/ipc/chromium/src/base/process_util_win.cc:167
[Parent 4852, IPC I/O Parent] WARNING: pipe error: 232: file /builds/worker/checkouts/gecko/ipc/chromium/src/chrome/common/ipc_channel_win.cc:554
1658173545998	geckodriver	INFO	Listening on 127.0.0.1:58420
1658173549030	mozrunner::runner	INFO	Running command: "C:\\Program Files\\Mozilla Firefox\\firefox.exe" "--marionette" "-no-remote" "-profile" "C:\\Users\\johnny\\AppData\\Local\\Temp\\rust_mozprofileIgF310"
1658173550383	Marionette	INFO	Marionette enabled
1658173550399	Marionette	INFO	Listening on port 58432
Read port: 58432
1658173550837	RemoteAgent	WARN	TLS certificate errors will be ignored for this session
console.warn: SearchSettings: "get: No settings file exists, new profile?" (new NotFoundError("Could not open the file at C:\\Users\\johnny\\AppData\\Local\\Temp\\rust_mozprofileIgF310\\search.json.mozlz4", (void 0)))
1658173671728	Marionette	INFO	Stopped listening on port 58432
[Parent 7276, IPC I/O Parent] WARNING: file /builds/worker/checkouts/gecko/ipc/chromium/src/base/process_util_win.cc:167
JavaScript error: chrome://remote/content/marionette/cert.js, line 55: NS_ERROR_NOT_AVAILABLE: Component returned failure code: 0x80040111 (NS_ERROR_NOT_AVAILABLE) [nsICertOverrideService.setDisableAllSecurityChecksAndLetAttackersInterceptMyData]
[Parent 7276, IPC I/O Parent] WARNING: file /builds/worker/checkouts/gecko/ipc/chromium/src/base/process_util_win.cc:167
1658173673471	geckodriver	INFO	Listening on 127.0.0.1:58594
1658173676490	mozrunner::runner	INFO	Running command: "C:\\Program Files\\Mozilla Firefox\\firefox.exe" "--marionette" "-no-remote" "-profile" "C:\\Users\\johnny\\AppData\\Local\\Temp\\rust_mozprofileptcfVY"
1658173677649	Marionette	INFO	Marionette enabled
1658173677663	Marionette	INFO	Listening on port 58606
Read port: 58606
1658173678237	RemoteAgent	WARN	TLS certificate errors will be ignored for this session
console.warn: SearchSettings: "get: No settings file exists, new profile?" (new NotFoundError("Could not open the file at C:\\Users\\johnny\\AppData\\Local\\Temp\\rust_mozprofileptcfVY\\search.json.mozlz4", (void 0)))
1658173859036	Marionette	INFO	Stopped listening on port 58606
JavaScript error: chrome://remote/content/marionette/cert.js, line 55: NS_ERROR_NOT_AVAILABLE: Component returned failure code: 0x80040111 (NS_ERROR_NOT_AVAILABLE) [nsICertOverrideService.setDisableAllSecurityChecksAndLetAttackersInterceptMyData]
[Parent 1736, IPC I/O Parent] WARNING: file /builds/worker/checkouts/gecko/ipc/chromium/src/base/process_util_win.cc:167
1658173861246	geckodriver	INFO	Listening on 127.0.0.1:58681
1658173864277	mozrunner::runner	INFO	Running command: "C:\\Program Files\\Mozilla Firefox\\firefox.exe" "--marionette" "-no-remote" "-profile" "C:\\Users\\johnny\\AppData\\Local\\Temp\\rust_mozprofilesVXmfq"
1658173865189	Marionette	INFO	Marionette enabled
1658173865203	Marionette	INFO	Listening on port 58693
Read port: 58693
1658173865615	RemoteAgent	WARN	TLS certificate errors will be ignored for this session
console.warn: SearchSettings: "get: No settings file exists, new profile?" (new NotFoundError("Could not open the file at C:\\Users\\johnny\\AppData\\Local\\Temp\\rust_mozprofilesVXmfq\\search.json.mozlz4", (void 0)))
1658173928468	Marionette	INFO	Stopped listening on port 5869165JavaScript error: chrome://remote/content/marionette/cert.js, line 55: NS_ERROR_NOT_AVAILABLE: Component returned failure code: 0x80040111 (NS_ERROR_NOT_AVAILABLE) [nsICertOverrideService.setDisableAllSecu1658173930665	Marionette	INFO	Marionette enabled
1658173930680	Marionette	INFO	Listening on port 58782
Read port: 58782
1658173931124	RemoteAgent	WARN	TLS certificate errors will be ignored for this session
console.warn: SearchSettings: "get: No settings file exists, new profile?" (new NotFoundError("Could not open the file at C:\\Users\\johnny\\AppData\\Local\\Temp\\rust_mozprofile3RFTHV\\search.json.mozlz4", (void 0)))
1658174064509	Marionette	INFO	Stopped listening on port 58782
JavaScript error: chrome://remote/content/marionette/cert.js, line 55: NS_ERROR_NOT_AVAILABLE: Component returned failure code: 0x80040111 (NS_ERROR_NOT_AVAILABLE) [nsICertOverrideService.setDisableAllSecurityChecksAndLetAttackersInterceptMyData]
1658174066226	geckodriver	INFO	Listening on 127.0.0.1:58855
1658174069240	mozrunner::runner	INFO	Running command: "C:\\Program Files\\Mozilla Firefox\\firefox.exe" "--marionette" "-no-remote" "-profile" "C:\\Users\\johnny\\AppData\\Local\\Temp\\rust_mozprofile1V6vr1"
1658174070599	Marionette	INFO	Marionette enabled
1658174070614	Marionette	INFO	Listening on port 58867
Read port: 58867
1658174071037	RemoteAgent	WARN	TLS certificate errors will be ignored for this session
console.warn: SearchSettings: "get: No settings file exists, new profile?" (new NotFoundError("Could not open the file at C:\\Users\\johnny\\AppData\\Local\\Temp\\rust_mozprofile1V6vr1\\search.json.mozlz4", (void 0)))
1658174177194	Marionette	INFO	Stopped listening on port 58861658174177814	mozrunner::runner	INFO	Running command: "C:\\Program Files\\Mozilla Firefox\\firefox.exe" "--marionette" "-no-remote" "-profile" "C:\\Users\\johnny\\AppData\\Local\\Temp\\rust_mozprofileSMXVz9"
1658174179503	Marionette	INFO	Marionette enabled
1658174179517	Marionette	INFO	Listening on port 58953
Read port: 58953
1658174179943	RemoteAgent	WARN	TLS certificate errors will be ignored for this session
console.warn: SearchSettings: "get: No settings file exists, new profile?" (new NotFoundError("Could not open the file at C:\\Users\\johnny\\AppData\\Local\\Temp\\rust_mozprofileSMXVz9\\search.json.mozlz4", (void 0)))
1658174259882	Marionette	INFO	Stopped listening on port 58953
[Parent 4852, IPC I/O Parent] WARNING: pipe error: 232: file /builds/worker/checkouts/gecko/ipc/chromium/src/chrome/common/ipc_channel_win.cc:554
[Parent 4852, IPC I/O Parent] WARNING: file /builds/worker/checkouts/gecko/ipc/chromium/src/base/process_util_win.cc:167
JavaScript error: chrome://remote/content/marionette/cert.js, line 55: NS_ERROR_NOT_AVAILABLE: Component returned failure code: 0x80040111 (NS_ERROR_NOT_AVAILABLE) [nsICertOverrideService.setDisableAllSecurityChecksAndLetAttackersInterceptMyData]
[Parent 4852, IPC I/O Parent] WARNING: file /builds/worker/checkouts/gecko/ipc/chromium/src/base/process_util_win.cc:167
[Parent 4852, IPC I/O Parent] WARNING: file /builds/worker/checkouts/gecko/ipc/chromium/src/base/process_util_win.cc:167
[Parent 4852, IPC I/O Parent] WARNING: file /builds/worker/checkouts/gecko/ipc/chromium/src/base/process_util_win.cc:167
1658174262040	geckodriver	INFO	Listening on 127.0.0.1:59026
1658174265067	mozrunner::runner	INFO	Running command: "C:\\Program Files\\Mozilla Firefox\\firefox.exe" "--marionette" "-no-remote" "-profile" "C:\\Users\\johnny\\AppData\\Local\\Temp\\rust_mozprofile5p7Y41"
1658174266590	Marionette	INFO	Marionette enabled
1658174266615	Marionette	INFO	Listening on port 59038
Read port: 59038
1658174267196	RemoteAgent	WARN	TLS certificate errors will be ignored for this session
console.warn: SearchSettings: "get: No settings file exists, new profile?" (new NotFoundError("Could not open the file at C:\\Users\\johnny\\AppData\\Local\\Temp\\rust_mozprofile5p7Y41\\search.json.mozlz4", (void 0)))
1658174493545	Marionette	INFO	Stopped listening on port 59038
[Parent 3992, IPC I/O Parent] WARNING: file /builds/worker/checkouts/gecko/ipc/chromium/src/base/process_util_win.cc:167
JavaScript error: chrome://remote/content/marionette/cert.js, line 55: NS_ERROR_NOT_AVAILABLE: Component returned failure code: 0x80040111 (NS_ERROR_NOT_AVAILABLE) [nsICertOverrideService.setDisableAllSecurityChecksAndLetAttackersInterceptMyData]
[Parent 3992, IPC I/O Parent] WARNING: file /builds/worker/checkouts/gecko/ipc/chromium/src/base/process_util_win.cc:167
[Parent 3992, IPC I/O Parent] WARNING: file /builds/worker/checkouts/gecko/ipc/chromium/src/base/process_util_win.cc:167
ozlz4", (void 0)))
1658175643065	Marionette	INFO	Stopped listening on port 59204
JavaScript error: chrome://remote/content/marionette/cert.js, line 55: NS_ERROR_NOT_AVAILABLE: Component returned failure code: 0x80040111 (NS_ERROR_NOT_AVAILABLE) [nsICertOverrideService.setDisableAllSecurityChecksAndLetAttackersInterceptMyData]
[Parent 8556, IPC I/O Parent] WARNING: file /builds/worker/checkouts/gecko/ipc/chromium/src/base/process_util_win.cc:167
1658339063747	geckodriver	INFO	Listening on 127.0.0.1:57851
1658339066745	mozrunner::runner	INFO	Running command: "C:\\Program Files\\Mozilla Firefox\\firefox.exe" "--marionette" "-no-remote" "-profile" "C:\\Users\\johnny\\AppData\\Local\\Temp\\rust_mozprofile5F8R08"
1658339069175	Marionette	INFO	Marionette enabled
1658339069193	Marionette	INFO	Listening on port 57863
Read port: 57863
1658339069836	RemoteAgent	WARN	TLS certificate errors will be ignored for this session
console.warn: SearchSettings: "get: No settings file exists, new profile?" (new NotFoundError("Could not open the file at C:\\Users\\johnny\\AppData\\Local\\Temp\\rust_mozprofile5F8R08\\search.json.mozlz4", (void 0)))
JavaScript error: resource://gre/modules/AsyncShutdown.jsm, line 575: NotFoundError: No such JSWindowActor 'DevToolsFrame'
JavaScript error: resource://gre/modules/AsyncShutdown.jsm, line 575: NotFoundError: No such JSWindowActor 'DevToolsFrame'
JavaScript error: resource://gre/modules/AsyncShutdown.jsm, line 575: NotFoundError: No such JSWindowActor 'DevToolsFrame'
JavaScript error: resource://gre/modules/AsyncShutdown.jsm, line 575: NotFoundError: No such JSWindowActor 'DevToolsFrame'
JavaScript error: resource://gre/modules/AsyncShutdown.jsm, line 575: NotFoundError: No such JSWindowActor 'DevToolsFrame'
1658339487616	Marionette	INFO	Stopped listening on port 57863
JavaScript error: chrome://remote/content/marionette/cert.js, line 55: NS_ERROR_NOT_AVAILABLE: Component returned failure code: 0x80040111 (NS_ERROR_NOT_AVAILABLE) [nsICertOverrideService.setDisableAllSecurityChecksAndLetAttackersInterceptMyData]
[Parent 2964, IPC I/O Parent] WARNING: file /builds/worker/checkouts/gecko/ipc/chromium/src/base/process_util_win.cc:167
[Parent 2964, IPC I/O Parent] WARNING: file /builds/worker/checkouts/gecko/ipc/chromium/src/base/process_util_win.cc:167
[Parent 2964, IPC I/O Parent] WARNING: file /builds/worker/checkouts/gecko/ipc/chromium/src/base/process_util_win.cc:167
[Parent 2964, IPC I/O Parent] WARNING: file /builds/worker/checkouts/gecko/ipc/chromium/src/base/process_util_win.cc:167
[Parent 2964, IPC I/O Parent] WARNING: pipe error: 232: file /builds/worker/checkouts/gecko/ipc/chromium/src/chrome/common/ipc_channel_win.cc:554
1658339611209	geckodriver	INFO	Listening on 127.0.0.1:50302
1658339614213	mozrunner::runner	INFO	Running command: "C:\\Program Files\\Mozilla Firefox\\firefox.exe" "--marionette" "-no-remote" "-profile" "C:\\Users\\johnny\\AppData\\Local\\Temp\\rust_mozprofilednvZVk"
1658339615969	Marionette	INFO	Marionette enabled
1658339615985	Marionette	INFO	Listening on port 50314
Read port: 50314
1658339616514	RemoteAgent	WARN	TLS certificate errors will be ignored for this session
console.warn: SearchSettings: "get: No settings file exists, new profile?" (new NotFoundError("Could not open the file at C:\\Users\\johnny\\AppData\\Local\\Temp\\rust_mozprofilednvZVk\\search.json.mozlz4", (void 0)))
console.error: "Unable to find target with innerWindowId:6442450945"
console.warn: ({})
JavaScript error: resource://gre/modules/AsyncShutdown.jsm, line 575: NotFoundError: No such JSWindowActor 'DevToolsFrame'
JavaScript error: resource://gre/modules/AsyncShutdown.jsm, line 575: NotFoundError: No such JSWindowActor 'DevToolsFrame'
JavaScript error: resource://gre/modules/AsyncShutdown.jsm, line 575: NotFoundError: No such JSWindowActor 'DevToolsFrame'
JavaScript error: resource://gre/modules/AsyncShutdown.jsm, line 575: NotFoundError: No such JSWindowActor 'DevToolsFrame'
JavaScript error: resource://gre/modules/AsyncShutdown.jsm, line 575: NotFoundError: No such JSWindowActor 'DevToolsFrame'
1658344818820	Marionette	INFO	Stopped listening on port 50314
[Parent 7108, IPC I/O Parent] WARNING: file /builds/worker/checkouts/gecko/ipc/chromium/src/base/process_util_win.cc:167
[Parent 7108, IPC I/O Parent] WARNING: file /builds/worker/checkouts/gecko/ipc/chromium/src/base/process_util_win.cc:167
[Parent 7108, IPC I/O Parent] WARNING: file /builds/worker/checkouts/gecko/ipc/chromium/src/base/process_util_win.cc:167
[Parent 7108, IPC I/O Parent] WARNING: file /builds/worker/checkouts/gecko/ipc/chromium/src/base/process_util_win.cc:167
ilehmDWbY"
1658340192934	Marionette	INFO	Marionette enabled
1658340192946	Marionette	INFO	Listening on port 50604
Read port: 50604
1658340193332	RemoteAgent	WARN	TLS certificate errors will be ignored for this session
console.warn: SearchSettings: "get: No settings file exists, new profile?" (new NotFoundError("Could not open the file at C:\\Users\\johnny\\AppData\\Local\\Temp\\rust_mozprofilehmDWbY\\search.json.mozlz4", (void 0)))
1658340243615	Marionette	INFO	Stopped listening on port 50604
JavaScript error: chrome://remote/content/marionette/cert.js, line 55: NS_ERROR_NOT_AVAILABLE: Component returned failure code: 0x80040111 (NS_ERROR_NOT_AVAILABLE) [nsICertOverrideService.setDisableAllSecurityChecksAndLetAttackersInterceptMyData]
[Parent 2620, IPC I/O Parent] WARNING: file /builds/worker/checkouts/gecko/ipc/chromium/src/base/process_util_win.cc:167
[Parent 2620, IPC I/O Parent] WARNING: pipe error: 232: file /builds/worker/checkouts/gecko/ipc/chromium/src/chrome/common/ipc_channel_win.cc:554
1658340262920	geckodriver	INFO	Listening on 127.0.0.1:50682
1658340265927	mozrunner::runner	INFO	Running command: "C:\\Program Files\\Mozilla Firefox\\firefox.exe" "--marionette" "-no-remote" "-profile" "C:\\Users\\johnny\\AppData\\Local\\Temp\\rust_mozprofilekKVvZu"
1658340267245	Marionette	INFO	Marionette enabled
1658340267258	Marionette	INFO	Listening on port 50694
Read port: 50694
1658340267642	RemoteAgent	WARN	TLS certificate errors will be ignored for this session
console.warn: SearchSettings: "get: No settings file exists, new profile?" (new NotFoundError("Could not open the file at C:\\Users\\johnny\\AppData\\Local\\Temp\\rust_mozprofilekKVvZu\\search.json.mozlz4", (void 0)))
1658340335153	Marionette	INFO	Stopped listening on port 50694
[Parent 5992, IPC I/O Parent] WARNING: file /builds/worker/checkouts/gecko/ipc/chromium/src/base/process_util_win.cc:167
JavaScript error: chrome://remote/content/marionette/cert.js, line 55: NS_ERROR_NOT_AVAILABLE: Component returned failure code: 0x80040111 (NS_ERROR_NOT_AVAILABLE) [nsICertOverrideService.setDisableAllSecurityChecksAndLetAttackersInterceptMyData]
[Parent 5992, IPC I/O Parent] WARNING: file /builds/worker/checkouts/gecko/ipc/chromium/src/base/process_util_win.cc:167
1658340379518	geckodriver	INFO	Listening on 127.0.0.1:50780
1658340382536	mozrunner::runner	INFO	Running command: "C:\\Program Files\\Mozilla Firefox\\firefox.exe" "--marionette" "-no-remote" "-profile" "C:\\Users\\johnny\\AppData\\Local\\Temp\\rust_mozprofileOGMeXV"
1658340383861	Marionette	INFO	Marionette enabled
1658340383873	Marionette	INFO	Listening on port 50792
Read port: 50792
1658340384264	RemoteAgent	WARN	TLS certificate errors will be ignored for this session
console.warn: SearchSettings: "get: No settings file exists, new profile?" (new NotFoundError("Could not open the file at C:\\Users\\johnny\\AppData\\Local\\Temp\\rust_mozprofileOGMeXV\\search.json.mozlz4", (void 0)))
1658340441936	Marionette	INFO	Stopped listening on port 50792
[Parent 8800, IPC I/O Parent] WARNING: pipe error: 232: file /builds/worker/checkouts/gecko/ipc/chromium/src/chrome/common/ipc_channel_win.cc:554
[Parent 8800, IPC I/O Parent] WARNING: file /builds/worker/checkouts/gecko/ipc/chromium/src/base/process_util_win.cc:167
JavaScript error: chrome://remote/content/marionette/cert.js, line 55: NS_ERROR_NOT_AVAILABLE: Component returned failure code: 0x80040111 (NS_ERROR_NOT_AVAILABLE) [nsICertOverrideService.setDisableAllSecurityChecksAndLetAttackersInterceptMyData]
[Parent 8800, IPC I/O Parent] WARNING: pipe error: 232: file /builds/worker/checkouts/gecko/ipc/chromium/src/chrome/common/ipc_channel_win.cc:554
1658340787409	geckodriver	INFO	Listening on 127.0.0.1:50869
1658340790430	mozrunner::runner	INFO	Running command: "C:\\Program Files\\Mozilla Firefox\\firefox.exe" "--marionette" "-no-remote" "-profile" "C:\\Users\\johnny\\AppData\\Local\\Temp\\rust_mozprofileugpQQF"
1658340791889	Marionette	INFO	Marionette enabled
1658340791902	Marionette	INFO	Listening on port 50883
Read port: 50883
1658340792335	RemoteAgent	WARN	TLS certificate errors will be ignored for this session
console.warn: SearchSettings: "get: No settings file exists, new profile?" (new NotFoundError("Could not open the file at C:\\Users\\johnny\\AppData\\Local\\Temp\\rust_mozprofileugpQQF\\search.json.mozlz4", (void 0)))
1658340823710	Marionette	INFO	Stopped listening on port 50883
[Parent 6492, IPC I/O Parent] WARNING: file /builds/worker/checkouts/gecko/ipc/chromium/src/base/process_util_win.cc:167
JavaScript error: chrome://remote/content/marionette/cert.js, line 55: NS_ERROR_NOT_AVAILABLE: Component returned failure code: 0x80040111 (NS_ERROR_NOT_AVAILABLE) [nsICertOverrideService.setDisableAllSecurityChecksAndLetAttackersInterceptMyData]
[Parent 6492, IPC I/O Parent] WARNING: file /builds/worker/checkouts/gecko/ipc/chromium/src/base/process_util_win.cc:167
1658341106816	geckodriver	INFO	Listening on 127.0.0.1:50961
1658341109858	mozrunner::runner	INFO	Running command: "C:\\Program Files\\Mozilla Firefox\\firefox.exe" "--marionette" "-no-remote" "-profile" "C:\\Users\\johnny\\AppData\\Local\\Temp\\rust_mozprofileG4zrgC"
1658341111187	Marionette	INFO	Marionette enabled
1658341111198	Marionette	INFO	Listening on port 50973
Read port: 50973
1658341111604	RemoteAgent	WARN	TLS certificate errors will be ignored for this session
console.warn: SearchSettings: "get: No settings file exists, new profile?" (new NotFoundError("Could not open the file at C:\\Users\\johnny\\AppData\\Local\\Temp\\rust_mozprofileG4zrgC\\search.json.mozlz4", (void 0)))
1658341124015	Marionette	INFO	Stopped listening on port 50973
[Parent 4960, IPC I/O Parent] WARNING: file /builds/worker/checkouts/gecko/ipc/chromium/src/base/process_util_win.cc:167
[Parent 4960, IPC I/O Parent] WARNING: file /builds/worker/checkouts/gecko/ipc/chromium/src/base/process_util_win.cc:167
[Parent 4960, IPC I/O Parent] WARNING: file /builds/worker/checkouts/gecko/ipc/chromium/src/base/process_util_win.cc:167
1658341535227	geckodriver	INFO	Listening on 127.0.0.1:51057
1658341538241	mozrunner::runner	INFO	Running command: "C:\\Program Files\\Mozilla Firefox\\firefox.exe" "--marionette" "-no-remote" "-profile" "C:\\Users\\johnny\\AppData\\Local\\Temp\\rust_mozprofile1nxmrk"
1658341539605	Marionette	INFO	Marionette enabled
1658341539624	Marionette	INFO	Listening on port 51069
Read port: 51069
1658341540070	RemoteAgent	WARN	TLS certificate errors will be ignored for this session
console.warn: SearchSettings: "get: No settings file exists, new profile?" (new NotFoundError("Could not open the file at C:\\Users\\johnny\\AppData\\Local\\Temp\\rust_mozprofile1nxmrk\\search.json.mozlz4", (void 0)))
1658341555896	Marionette	INFO	Stopped listening on port 51069
[Parent 8300, IPC I/O Parent] WARNING: pipe error: 232: file /builds/worker/checkouts/gecko/ipc/chromium/src/chrome/common/ipc_channel_win.cc:554
1658341704145	geckodriver	INFO	Listening on 127.0.0.1:51150
1658341707175	mozrunner::runner	INFO	Running command: "C:\\Program Files\\Mozilla Firefox\\firefox.exe" "--marionette" "-no-remote" "-profile" "C:\\Users\\johnny\\AppData\\Local\\Temp\\rust_mozprofileLbRGyT"
1658341708490	Marionette	INFO	Marionette enabled
1658341708503	Marionette	INFO	Listening on port 51162
Read port: 51162
1658341708899	RemoteAgent	WARN	TLS certificate errors will be ignored for this session
console.warn: SearchSettings: "get: No settings file exists, new profile?" (new NotFoundError("Could not open the file at C:\\Users\\johnny\\AppData\\Local\\Temp\\rust_mozprofileLbRGyT\\search.json.mozlz4", (void 0)))
1658341720043	Marionette	INFO	Stopped listening on port 51162
[Parent 7012, IPC I/O Parent] WARNING: pipe error: 232: file /builds/worker/checkouts/gecko/ipc/chromium/src/chrome/common/ipc_channel_win.cc:554
1658341906093	geckodriver	INFO	Listening on 127.0.0.1:51232
1658341909095	mozrunner::runner	INFO	Running command: "C:\\Program Files\\Mozilla Firefox\\firefox.exe" "--marionette" "-no-remote" "-profile" "C:\\Users\\johnny\\AppData\\Local\\Temp\\rust_mozprofileKzakBG"
1658341910398	Marionette	INFO	Marionette enabled
1658341910418	Marionette	INFO	Listening on port 51243
Read port: 51243
1658341911085	RemoteAgent	WARN	TLS certificate errors will be ignored for this session
console.warn: SearchSettings: "get: No settings file exists, new profile?" (new NotFoundError("Could not open the file at C:\\Users\\johnny\\AppData\\Local\\Temp\\rust_mozprofileKzakBG\\search.json.mozlz4", (void 0)))
1658341925686	Marionette	INFO	Stopped listening on port 51243
[Parent 2928, IPC I/O Parent] WARNING: pipe error: 232: file /builds/worker/checkouts/gecko/ipc/chromium/src/chrome/common/ipc_channel_win.cc:554
[Parent 2928, IPC I/O Parent] WARNING: file /builds/worker/checkouts/gecko/ipc/chromium/src/base/process_util_win.cc:167
[Parent 2928, IPC I/O Parent] WARNING: DuplicateHandle failed for handle 0 in TransferHandles: file /builds/worker/checkouts/gecko/ipc/chromium/src/chrome/common/ipc_channel_win.cc:723
1658343439735	geckodriver	INFO	Listening on 127.0.0.1:60220
1658343442729	mozrunner::runner	INFO	Running command: "C:\\Program Files\\Mozilla Firefox\\firefox.exe" "--marionette" "-no-remote" "-profile" "C:\\Users\\johnny\\AppData\\Local\\Temp\\rust_mozprofileB4VjDd"
1658343443915	Marionette	INFO	Marionette enabled
1658343443928	Marionette	INFO	Listening on port 60232
Read port: 60232
1658343444334	RemoteAgent	WARN	TLS certificate errors will be ignored for this session
console.warn: SearchSettings: "get: No settings file exists, new profile?" (new NotFoundError("Could not open the file at C:\\Users\\johnny\\AppData\\Local\\Temp\\rust_mozprofileB4VjDd\\search.json.mozlz4", (void 0)))
1658343461236	Marionette	INFO	Stopped listening on port 60232
[Parent 3240, IPC I/O Parent] WARNING: file /builds/worker/checkouts/gecko/ipc/chromium/src/base/process_util_win.cc:167
[Parent 3240, IPC I/O Parent] WARNING: pipe error: 232: file /builds/worker/checkouts/gecko/ipc/chromium/src/chrome/common/ipc_channel_win.cc:554
1658344004729	geckodriver	INFO	Listening on 127.0.0.1:60426
1658344007727	mozrunner::runner	INFO	Running command: "C:\\Program Files\\Mozilla Firefox\\firefox.exe" "--marionette" "-no-remote" "-profile" "C:\\Users\\johnny\\AppData\\Local\\Temp\\rust_mozprofileQdNHsE"
1658344009067	Marionette	INFO	Marionette enabled
1658344009080	Marionette	INFO	Listening on port 60438
Read port: 60438
1658344009481	RemoteAgent	WARN	TLS certificate errors will be ignored for this session
console.warn: SearchSettings: "get: No settings file exists, new profile?" (new NotFoundError("Could not open the file at C:\\Users\\johnny\\AppData\\Local\\Temp\\rust_mozprofileQdNHsE\\search.json.mozlz4", (void 0)))
1658344036344	Marionette	INFO	Stopped listening on port 60438
JavaScript error: chrome://remote/content/marionette/cert.js, line 55: NS_ERROR_NOT_AVAILABLE: Component returned failure code: 0x80040111 (NS_ERROR_NOT_AVAILABLE) [nsICertOverrideService.setDisableAllSecurityChecksAndLetAttackersInterceptMyData]
1658344038306	geckodriver	INFO	Listening on 127.0.0.1:60516
1658344041291	mozrunner::runner	INFO	Running command: "C:\\Program Files\\Mozilla Firefox\\firefox.exe" "--marionette" "-no-remote" "-profile" "C:\\Users\\johnny\\AppData\\Local\\Temp\\rust_mozprofile01rz34"
1658344042599	Marionette	INFO	Marionette enabled
1658344042612	Marionette	INFO	Listening on port 60528
Read port: 60528
1658344043269	RemoteAgent	WARN	TLS certificate errors will be ignored for this session
console.warn: SearchSettings: "get: No settings file exists, new profile?" (new NotFoundError("Could not open the file at C:\\Users\\johnny\\AppData\\Local\\Temp\\rust_mozprofile01rz34\\search.json.mozlz4", (void 0)))
1658344114952	Marionette	INFO	Stopped listening on port 60528
[Parent 8428, IPC I/O Parent] WARNING: file /builds/worker/checkouts/gecko/ipc/chromium/src/base/process_util_win.cc:167
JavaScript error: chrome://remote/content/marionette/cert.js, line 55: NS_ERROR_NOT_AVAILABLE: Component returned failure code: 0x80040111 (NS_ERROR_NOT_AVAILABLE) [nsICertOverrideService.setDisableAllSecurityChecksAndLetAttackersInterceptMyData]
[Parent 8428, IPC I/O Parent] WARNING: pipe error: 232: file /builds/worker/checkouts/gecko/ipc/chromium/src/chrome/common/ipc_channel_win.cc:554
1658498228917	geckodriver	INFO	Listening on 127.0.0.1:49496
1658498231928	mozrunner::runner	INFO	Running command: "C:\\Program Files\\Mozilla Firefox\\firefox.exe" "--marionette" "-no-remote" "-profile" "C:\\Users\\johnny\\AppData\\Local\\Temp\\rust_mozprofileN0Wy8K"
1658498233286	Marionette	INFO	Marionette enabled
1658498233301	Marionette	INFO	Listening on port 49508
Read port: 49508
1658498233792	RemoteAgent	WARN	TLS certificate errors will be ignored for this session
console.warn: SearchSettings: "get: No settings file exists, new profile?" (new NotFoundError("Could not open the file at C:\\Users\\johnny\\AppData\\Local\\Temp\\rust_mozprofileN0Wy8K\\search.json.mozlz4", (void 0)))
1658498285834	Marionette	INFO	Stopped listening on port 49508
JavaScript error: chrome://remote/content/marionette/cert.js, line 55: NS_ERROR_NOT_AVAILABLE: Component returned failure code: 0x80040111 (NS_ERROR_NOT_AVAILABLE) [nsICertOverrideService.setDisableAllSecurityChecksAndLetAttackersInterceptMyData]
[Parent 5736, IPC I/O Parent] WARNING: pipe error: 232: file /builds/worker/checkouts/gecko/ipc/chromium/src/chrome/common/ipc_channel_win.cc:554
